Using pre-set license
Built from '2021.2/staging' branch; Version is '2021.2.7f1 (6bd9e232123f) revision 7068130'; Using compiler version '192829333'; Build Type 'Release'
OS: 'Windows 10  (10.0.19044) 64bit Core' Language: 'pl' Physical Memory: 16252 MB
BatchMode: 1, IsHumanControllingUs: 0, StartBugReporterOnCrash: 0, Is64bit: 1, IsPro: 0

COMMAND LINE ARGUMENTS:
E:\UnityEditors\2021.2.7f1\Editor\Unity.exe
-adb2
-batchMode
-noUpm
-name
AssetImportWorker2
-projectPath
E:/GitHub/LaserDefender/Laser Defender
-logFile
Logs/AssetImportWorker2.log
-srvPort
56976
Successfully changed project path to: E:/GitHub/LaserDefender/Laser Defender
E:/GitHub/LaserDefender/Laser Defender
[UnityMemory] Configuration Parameters - Can be set up in boot.config
    "memorysetup-bucket-allocator-granularity=16"
    "memorysetup-bucket-allocator-bucket-count=8"
    "memorysetup-bucket-allocator-block-size=33554432"
    "memorysetup-bucket-allocator-block-count=8"
    "memorysetup-main-allocator-block-size=16777216"
    "memorysetup-thread-allocator-block-size=16777216"
    "memorysetup-gfx-main-allocator-block-size=16777216"
    "memorysetup-gfx-thread-allocator-block-size=16777216"
    "memorysetup-cache-allocator-block-size=4194304"
    "memorysetup-typetree-allocator-block-size=2097152"
    "memorysetup-profiler-bucket-allocator-granularity=16"
    "memorysetup-profiler-bucket-allocator-bucket-count=8"
    "memorysetup-profiler-bucket-allocator-block-size=33554432"
    "memorysetup-profiler-bucket-allocator-block-count=8"
    "memorysetup-profiler-allocator-block-size=16777216"
    "memorysetup-profiler-editor-allocator-block-size=1048576"
    "memorysetup-temp-allocator-size-main=16777216"
    "memorysetup-job-temp-allocator-block-size=2097152"
    "memorysetup-job-temp-allocator-block-size-background=1048576"
    "memorysetup-job-temp-allocator-reduction-small-platforms=262144"
    "memorysetup-temp-allocator-size-background-worker=32768"
    "memorysetup-temp-allocator-size-job-worker=262144"
    "memorysetup-temp-allocator-size-preload-manager=33554432"
    "memorysetup-temp-allocator-size-nav-mesh-worker=65536"
    "memorysetup-temp-allocator-size-audio-worker=65536"
    "memorysetup-temp-allocator-size-cloud-worker=32768"
    "memorysetup-temp-allocator-size-gi-baking-worker=262144"
    "memorysetup-temp-allocator-size-gfx=262144"
Refreshing native plugins compatible for Editor in 84.11 ms, found 4 plugins.
Preloading 0 native plugins for Editor in 0.00 ms.
Initialize engine version: 2021.2.7f1 (6bd9e232123f)
[Subsystems] Discovering subsystems at path E:/UnityEditors/2021.2.7f1/Editor/Data/Resources/UnitySubsystems
[Subsystems] Discovering subsystems at path E:/GitHub/LaserDefender/Laser Defender/Assets
GfxDevice: creating device client; threaded=0; jobified=0
Direct3D:
    Version:  Direct3D 11.0 [level 11.1]
    Renderer: Radeon RX 570 Series (ID=0x67df)
    Vendor:   ATI
    VRAM:     4075 MB
    Driver:   30.0.13025.5005
Initialize mono
Mono path[0] = 'E:/UnityEditors/2021.2.7f1/Editor/Data/Managed'
Mono path[1] = 'E:/UnityEditors/2021.2.7f1/Editor/Data/MonoBleedingEdge/lib/mono/unityjit-win32'
Mono config path = 'E:/UnityEditors/2021.2.7f1/Editor/Data/MonoBleedingEdge/etc'
Using monoOptions --debugger-agent=transport=dt_socket,embedding=1,server=y,suspend=n,address=127.0.0.1:56736
Begin MonoManager ReloadAssembly
Registering precompiled unity dll's ...
Register platform support module: E:/UnityEditors/2021.2.7f1/Editor/Data/PlaybackEngines/WebGLSupport/UnityEditor.WebGL.Extensions.dll
Register platform support module: E:/UnityEditors/2021.2.7f1/Editor/Data/PlaybackEngines/WindowsStandaloneSupport/UnityEditor.WindowsStandalone.Extensions.dll
Registered in 0.001709 seconds.
Native extension for WindowsStandalone target not found
Native extension for WebGL target not found
Refreshing native plugins compatible for Editor in 80.97 ms, found 4 plugins.
Preloading 0 native plugins for Editor in 0.00 ms.
Mono: successfully reloaded assembly
- Completed reload, in  0.489 seconds
Domain Reload Profiling:
	ReloadAssembly (490ms)
		BeginReloadAssembly (51ms)
			ExecutionOrderSort (0ms)
			DisableScriptedObjects (0ms)
			BackupInstance (0ms)
			ReleaseScriptingObjects (0ms)
			CreateAndSetChildDomain (1ms)
		EndReloadAssembly (385ms)
			LoadAssemblies (51ms)
			RebuildTransferFunctionScriptingTraits (0ms)
			SetupTypeCache (81ms)
			ReleaseScriptCaches (0ms)
			RebuildScriptCaches (24ms)
			SetupLoadedEditorAssemblies (242ms)
				LogAssemblyErrors (0ms)
				InitializePlatformSupportModulesInManaged (12ms)
				SetLoadedEditorAssemblies (0ms)
				RefreshPlugins (81ms)
				BeforeProcessingInitializeOnLoad (1ms)
				ProcessInitializeOnLoadAttributes (113ms)
				ProcessInitializeOnLoadMethodAttributes (35ms)
				AfterProcessingInitializeOnLoad (0ms)
				EditorAssembliesLoaded (0ms)
			ExecutionOrderSort2 (0ms)
			AwakeInstancesAfterBackupRestoration (0ms)
Platform modules already initialized, skipping
Registering precompiled user dll's ...
Registered in 0.003952 seconds.
Begin MonoManager ReloadAssembly
Symbol file LoadedFromMemory doesn't match image E:\GitHub\LaserDefender\Laser Defender\Library\PackageCache\com.unity.visualscripting@1.7.6\Editor\VisualScripting.Core\Dependencies\YamlDotNet\Unity.VisualScripting.YamlDotNet.dll
Symbol file LoadedFromMemory doesn't match image E:\GitHub\LaserDefender\Laser Defender\Library\PackageCache\com.unity.visualscripting@1.7.6\Editor\VisualScripting.Core\Dependencies\DotNetZip\Unity.VisualScripting.IonicZip.dll
Native extension for WindowsStandalone target not found
Native extension for WebGL target not found
Refreshing native plugins compatible for Editor in 82.85 ms, found 4 plugins.
Preloading 0 native plugins for Editor in 0.00 ms.
Mono: successfully reloaded assembly
- Completed reload, in  1.289 seconds
Domain Reload Profiling:
	ReloadAssembly (1290ms)
		BeginReloadAssembly (80ms)
			ExecutionOrderSort (0ms)
			DisableScriptedObjects (5ms)
			BackupInstance (0ms)
			ReleaseScriptingObjects (0ms)
			CreateAndSetChildDomain (15ms)
		EndReloadAssembly (1140ms)
			LoadAssemblies (56ms)
			RebuildTransferFunctionScriptingTraits (0ms)
			SetupTypeCache (194ms)
			ReleaseScriptCaches (1ms)
			RebuildScriptCaches (49ms)
			SetupLoadedEditorAssemblies (803ms)
				LogAssemblyErrors (0ms)
				InitializePlatformSupportModulesInManaged (10ms)
				SetLoadedEditorAssemblies (0ms)
				RefreshPlugins (83ms)
				BeforeProcessingInitializeOnLoad (72ms)
				ProcessInitializeOnLoadAttributes (611ms)
				ProcessInitializeOnLoadMethodAttributes (26ms)
				AfterProcessingInitializeOnLoad (2ms)
				EditorAssembliesLoaded (0ms)
			ExecutionOrderSort2 (0ms)
			AwakeInstancesAfterBackupRestoration (4ms)
Platform modules already initialized, skipping
========================================================================
Worker process is ready to serve import requests
Launched and connected shader compiler UnityShaderCompiler.exe after 0.15 seconds
Refreshing native plugins compatible for Editor in 0.63 ms, found 4 plugins.
Preloading 0 native plugins for Editor in 0.00 ms.
Unloading 4236 Unused Serialized files (Serialized files now loaded: 0)
Unloading 46 unused Assets / (225.7 KB). Loaded Objects now: 4686.
Memory consumption went from 160.0 MB to 159.7 MB.
Total: 3.095500 ms (FindLiveObjects: 0.276600 ms CreateObjectMapping: 0.144300 ms MarkObjects: 2.535200 ms  DeleteObjects: 0.138400 ms)

AssetImportParameters requested are different than current active one (requested -> active):
  custom:video-decoder-ogg-theora: a1e56fd34408186e4bbccfd4996cb3dc -> 
  custom:container-muxer-webm: aa71ff27fc2769a1b78a27578f13a17b -> 
  custom:container-demuxer-webm: 4f35f7cbe854078d1ac9338744f61a02 -> 
  custom:video-encoder-webm-vp8: eb34c28f22e8b96e1ab97ce403110664 -> 
  custom:audio-encoder-webm-vorbis: bf7c407c2cedff20999df2af8eb42d56 -> 
  custom:framework-win-MediaFoundation: 216162199b28c13a410421893ffa2e32 -> 
  custom:container-demuxer-ogg: 62fdf1f143b41e24485cea50d1cbac27 -> 
  custom:video-decoder-webm-vp8: 9c59270c3fd7afecdb556c50c9e8de78 -> 
  custom:audio-decoder-ogg-vorbis: bf7c407c2cedff20999df2af8eb42d56 -> 
========================================================================
Received Import Request.
  Time since last request: 121551.149943 seconds.
  path: Assets/Asset Packs/PNG/Enemies
  artifactKey: Guid(4428fd7f34d72a14990de83db49ae6c2) Importer(815301076,1909f56bfc062723c751e8b465ee728b)
Start importing Assets/Asset Packs/PNG/Enemies using Guid(4428fd7f34d72a14990de83db49ae6c2) Importer(815301076,1909f56bfc062723c751e8b465ee728b)  -> (artifact id: 'f2fbb204839fde5f1c0ca463301bcfb8') in 0.012773 seconds 
========================================================================
Received Import Request.
  Time since last request: 0.034915 seconds.
  path: Assets/Asset Packs/PNG/Enemies/enemyBlack1.png
  artifactKey: Guid(d4cd37f97aed9d34fa04c61ec9b9db3b) Importer(815301076,1909f56bfc062723c751e8b465ee728b)
Start importing Assets/Asset Packs/PNG/Enemies/enemyBlack1.png using Guid(d4cd37f97aed9d34fa04c61ec9b9db3b) Importer(815301076,1909f56bfc062723c751e8b465ee728b)  -> (artifact id: 'e3fc7ab6507435c126e52feec7874957') in 0.131554 seconds 
========================================================================
Received Import Request.
  Time since last request: 0.000036 seconds.
  path: Assets/Asset Packs/PNG/Enemies/enemyBlack3.png
  artifactKey: Guid(226491259c5d8e341a042c3da9f30c55) Importer(815301076,1909f56bfc062723c751e8b465ee728b)
Start importing Assets/Asset Packs/PNG/Enemies/enemyBlack3.png using Guid(226491259c5d8e341a042c3da9f30c55) Importer(815301076,1909f56bfc062723c751e8b465ee728b)  -> (artifact id: 'db965f2497bd7848122f14095190575e') in 0.021964 seconds 
========================================================================
Received Import Request.
  Time since last request: 0.000031 seconds.
  path: Assets/Asset Packs/PNG/Enemies/enemyRed3.png
  artifactKey: Guid(94777f105034ce94f99575f7a64a1cee) Importer(815301076,1909f56bfc062723c751e8b465ee728b)
Start importing Assets/Asset Packs/PNG/Enemies/enemyRed3.png using Guid(94777f105034ce94f99575f7a64a1cee) Importer(815301076,1909f56bfc062723c751e8b465ee728b)  -> (artifact id: '45e53f126376533b374ba86555cad9a7') in 0.016759 seconds 
========================================================================
Received Import Request.
  Time since last request: 0.000030 seconds.
  path: Assets/Asset Packs/PNG/Enemies/enemyBlue2.png
  artifactKey: Guid(498fe3a017aa4b348bbd7b3d1fb9a9d9) Importer(815301076,1909f56bfc062723c751e8b465ee728b)
Start importing Assets/Asset Packs/PNG/Enemies/enemyBlue2.png using Guid(498fe3a017aa4b348bbd7b3d1fb9a9d9) Importer(815301076,1909f56bfc062723c751e8b465ee728b)  -> (artifact id: '324b28b11e2652ef1cb54e842d5f6a49') in 0.016289 seconds 
========================================================================
Received Import Request.
  Time since last request: 0.000021 seconds.
  path: Assets/Asset Packs/PNG/Enemies/enemyBlack5.png
  artifactKey: Guid(003eba364b2109448ba408bea8155ae2) Importer(815301076,1909f56bfc062723c751e8b465ee728b)
Start importing Assets/Asset Packs/PNG/Enemies/enemyBlack5.png using Guid(003eba364b2109448ba408bea8155ae2) Importer(815301076,1909f56bfc062723c751e8b465ee728b)  -> (artifact id: '4886c8701774a7a6579f15b4fe3892f9') in 0.016952 seconds 
========================================================================
Received Import Request.
  Time since last request: 0.000022 seconds.
  path: Assets/Asset Packs/PNG/Enemies/enemyBlue5.png
  artifactKey: Guid(d4d8d7580b5627249af3f4caec317b20) Importer(815301076,1909f56bfc062723c751e8b465ee728b)
Start importing Assets/Asset Packs/PNG/Enemies/enemyBlue5.png using Guid(d4d8d7580b5627249af3f4caec317b20) Importer(815301076,1909f56bfc062723c751e8b465ee728b)  -> (artifact id: '99027e99b8c4b8d4ac720cf5dca19b8f') in 0.011622 seconds 
========================================================================
Received Import Request.
  Time since last request: 0.000023 seconds.
  path: Assets/Asset Packs/PNG/Enemies/enemyRed1.png
  artifactKey: Guid(df58f7109fb2aaa4fb7535a459985f71) Importer(815301076,1909f56bfc062723c751e8b465ee728b)
Start importing Assets/Asset Packs/PNG/Enemies/enemyRed1.png using Guid(df58f7109fb2aaa4fb7535a459985f71) Importer(815301076,1909f56bfc062723c751e8b465ee728b)  -> (artifact id: 'ff6d5ed201d9b4abef862b6e0f0bcff9') in 0.013052 seconds 
========================================================================
Received Import Request.
  Time since last request: 0.000018 seconds.
  path: Assets/Asset Packs/PNG/Enemies/enemyRed5.png
  artifactKey: Guid(02eef4a158c1991489cff0bf77b8837a) Importer(815301076,1909f56bfc062723c751e8b465ee728b)
Start importing Assets/Asset Packs/PNG/Enemies/enemyRed5.png using Guid(02eef4a158c1991489cff0bf77b8837a) Importer(815301076,1909f56bfc062723c751e8b465ee728b)  -> (artifact id: 'c15049e392e362ec96f9151245a90325') in 0.011811 seconds 
========================================================================
Received Import Request.
  Time since last request: 28.637644 seconds.
  path: Assets/Prefabs/Enemy.prefab
  artifactKey: Guid(569b5e632211b1c4f83471d00ea6c724) Importer(815301076,1909f56bfc062723c751e8b465ee728b)
Start importing Assets/Prefabs/Enemy.prefab using Guid(569b5e632211b1c4f83471d00ea6c724) Importer(815301076,1909f56bfc062723c751e8b465ee728b)  -> (artifact id: '88ed47785019f6e7986005a89ac60b63') in 0.037138 seconds 
========================================================================
Received Import Request.
  Time since last request: 7.092764 seconds.
  path: Assets/Prefabs/Enemy0.prefab
  artifactKey: Guid(d1451e0821fc64e4eb576e498ea39780) Importer(815301076,1909f56bfc062723c751e8b465ee728b)
Start importing Assets/Prefabs/Enemy0.prefab using Guid(d1451e0821fc64e4eb576e498ea39780) Importer(815301076,1909f56bfc062723c751e8b465ee728b)  -> (artifact id: '54e67e39e26ffa38f7b0b922c8d20a41') in 0.011329 seconds 
========================================================================
Received Import Request.
  Time since last request: 113.093461 seconds.
  path: Assets/Asset Packs/license.txt
  artifactKey: Guid(f2838b5369e418e43b8f7a2eefd7bfd8) Importer(815301076,1909f56bfc062723c751e8b465ee728b)
Start importing Assets/Asset Packs/license.txt using Guid(f2838b5369e418e43b8f7a2eefd7bfd8) Importer(815301076,1909f56bfc062723c751e8b465ee728b)  -> (artifact id: '8ff4c0a9f42f836bbb8e70ae1d5afc99') in 0.024103 seconds 
========================================================================
Received Import Request.
  Time since last request: 178.368505 seconds.
  path: Assets/Prefabs/Player.prefab
  artifactKey: Guid(d7cecde097ff84d45899a818a1f19dbc) Importer(815301076,1909f56bfc062723c751e8b465ee728b)
Start importing Assets/Prefabs/Player.prefab using Guid(d7cecde097ff84d45899a818a1f19dbc) Importer(815301076,1909f56bfc062723c751e8b465ee728b)  -> (artifact id: '22a004b6e04a3c7384277e93df4547e9') in 0.012045 seconds 
========================================================================
Received Import Request.
  Time since last request: 17.720107 seconds.
  path: Assets/Prefabs/Player.prefab
  artifactKey: Guid(d7cecde097ff84d45899a818a1f19dbc) Importer(815301076,1909f56bfc062723c751e8b465ee728b)
Start importing Assets/Prefabs/Player.prefab using Guid(d7cecde097ff84d45899a818a1f19dbc) Importer(815301076,1909f56bfc062723c751e8b465ee728b)  -> (artifact id: '8c6178b8e57d1aa7d6f4be35cd772167') in 0.008537 seconds 
========================================================================
Received Import Request.
  Time since last request: 1.970449 seconds.
  path: Assets/InputActions.inputactions
  artifactKey: Guid(97c825677a1b967448a42ab3a43558c4) Importer(815301076,1909f56bfc062723c751e8b465ee728b)
Start importing Assets/InputActions.inputactions using Guid(97c825677a1b967448a42ab3a43558c4) Importer(815301076,1909f56bfc062723c751e8b465ee728b)  -> (artifact id: 'eda02a2882a9405af51f5510e446f23a') in 0.007767 seconds 
========================================================================
Received Import Request.
  Time since last request: 262.370354 seconds.
  path: Assets/InputSystem.inputsettings.asset
  artifactKey: Guid(9d824d9309c6def4ca7b024a718a9b99) Importer(815301076,1909f56bfc062723c751e8b465ee728b)
Start importing Assets/InputSystem.inputsettings.asset using Guid(9d824d9309c6def4ca7b024a718a9b99) Importer(815301076,1909f56bfc062723c751e8b465ee728b)  -> (artifact id: 'a47555692e79ac4ad3002897e715845f') in 0.007563 seconds 
========================================================================
Received Prepare
Registering precompiled user dll's ...
Registered in 0.003690 seconds.
Begin MonoManager ReloadAssembly
Symbol file LoadedFromMemory doesn't match image E:\GitHub\LaserDefender\Laser Defender\Library\PackageCache\com.unity.visualscripting@1.7.6\Editor\VisualScripting.Core\Dependencies\YamlDotNet\Unity.VisualScripting.YamlDotNet.dll
Symbol file LoadedFromMemory doesn't match image E:\GitHub\LaserDefender\Laser Defender\Library\PackageCache\com.unity.visualscripting@1.7.6\Editor\VisualScripting.Core\Dependencies\DotNetZip\Unity.VisualScripting.IonicZip.dll
Native extension for WindowsStandalone target not found
Native extension for WebGL target not found
Refreshing native plugins compatible for Editor in 0.68 ms, found 4 plugins.
Preloading 0 native plugins for Editor in 0.00 ms.
Mono: successfully reloaded assembly
- Completed reload, in  0.940 seconds
Domain Reload Profiling:
	ReloadAssembly (940ms)
		BeginReloadAssembly (115ms)
			ExecutionOrderSort (0ms)
			DisableScriptedObjects (5ms)
			BackupInstance (0ms)
			ReleaseScriptingObjects (0ms)
			CreateAndSetChildDomain (43ms)
		EndReloadAssembly (747ms)
			LoadAssemblies (57ms)
			RebuildTransferFunctionScriptingTraits (0ms)
			SetupTypeCache (203ms)
			ReleaseScriptCaches (1ms)
			RebuildScriptCaches (39ms)
			SetupLoadedEditorAssemblies (396ms)
				LogAssemblyErrors (0ms)
				InitializePlatformSupportModulesInManaged (10ms)
				SetLoadedEditorAssemblies (0ms)
				RefreshPlugins (1ms)
				BeforeProcessingInitializeOnLoad (55ms)
				ProcessInitializeOnLoadAttributes (293ms)
				ProcessInitializeOnLoadMethodAttributes (33ms)
				AfterProcessingInitializeOnLoad (3ms)
				EditorAssembliesLoaded (0ms)
			ExecutionOrderSort2 (0ms)
			AwakeInstancesAfterBackupRestoration (10ms)
Platform modules already initialized, skipping
Refreshing native plugins compatible for Editor in 0.65 ms, found 4 plugins.
Preloading 0 native plugins for Editor in 0.00 ms.
Unloading 4240 Unused Serialized files (Serialized files now loaded: 0)
Unloading 33 unused Assets / (192.7 KB). Loaded Objects now: 4824.
Memory consumption went from 168.1 MB to 167.9 MB.
Total: 4.740200 ms (FindLiveObjects: 0.259000 ms CreateObjectMapping: 0.190400 ms MarkObjects: 4.159000 ms  DeleteObjects: 0.130700 ms)

AssetImportParameters requested are different than current active one (requested -> active):
  custom:video-decoder-ogg-theora: a1e56fd34408186e4bbccfd4996cb3dc -> 
  custom:container-muxer-webm: aa71ff27fc2769a1b78a27578f13a17b -> 
  custom:container-demuxer-webm: 4f35f7cbe854078d1ac9338744f61a02 -> 
  custom:video-encoder-webm-vp8: eb34c28f22e8b96e1ab97ce403110664 -> 
  custom:audio-encoder-webm-vorbis: bf7c407c2cedff20999df2af8eb42d56 -> 
  custom:framework-win-MediaFoundation: 216162199b28c13a410421893ffa2e32 -> 
  custom:container-demuxer-ogg: 62fdf1f143b41e24485cea50d1cbac27 -> 
  custom:video-decoder-webm-vp8: 9c59270c3fd7afecdb556c50c9e8de78 -> 
  custom:audio-decoder-ogg-vorbis: bf7c407c2cedff20999df2af8eb42d56 -> 
========================================================================
Received Import Request.
  Time since last request: 54.543982 seconds.
  path: Assets/InputSystem
  artifactKey: Guid(9a1e11ec524bec94d9aa5a62e1c52865) Importer(815301076,1909f56bfc062723c751e8b465ee728b)
Start importing Assets/InputSystem using Guid(9a1e11ec524bec94d9aa5a62e1c52865) Importer(815301076,1909f56bfc062723c751e8b465ee728b)  -> (artifact id: '4bb76c32421117791e55a084323e69fa') in 0.009085 seconds 
========================================================================
Received Import Request.
  Time since last request: 4.821054 seconds.
  path: Assets/Scripts/Player.cs
  artifactKey: Guid(4d18f33f21e314f4aba00cc832ad5eb5) Importer(815301076,1909f56bfc062723c751e8b465ee728b)
Start importing Assets/Scripts/Player.cs using Guid(4d18f33f21e314f4aba00cc832ad5eb5) Importer(815301076,1909f56bfc062723c751e8b465ee728b)  -> (artifact id: '556db5a6aa65d828fc181eb9c7bde661') in 0.042445 seconds 
